<?xml version="1.0" encoding="UTF-8"?>
<!-- Generated by org.testng.reporters.JUnitReportReporter -->
<testsuite skipped="3" hostname="kaushiks-Air" name="testScript.TestLancApp" tests="4" failures="0" timestamp="02 Sep 2018 13:09:21 GMT" time="0.000" errors="1">
  <testcase name="launchBrouser" time="0.000" classname="testScript.TestLancApp">
    <error type="org.testng.TestNGException" message="
Parameter &#039;mBrowser&#039; is required by BeforeMethod on method launchBrouser but has not been marked @Optional or defined
in /Users/kaushikkumarsinha/Documents/Selenium/workspace/LearningMaven/MavenProject/testng.xml">
      <![CDATA[org.testng.TestNGException: 
Parameter 'mBrowser' is required by BeforeMethod on method launchBrouser but has not been marked @Optional or defined
in /Users/kaushikkumarsinha/Documents/Selenium/workspace/LearningMaven/MavenProject/testng.xml
at org.testng.internal.Parameters.createParams(Parameters.java:290)
at org.testng.internal.Parameters.createParametersForMethod(Parameters.java:359)
at org.testng.internal.Parameters.createParameters(Parameters.java:620)
at org.testng.internal.Parameters.createConfigurationParameters(Parameters.java:190)
at org.testng.internal.Invoker.invokeConfigurations(Invoker.java:209)
at org.testng.internal.Invoker.invokeMethod(Invoker.java:520)
at org.testng.internal.Invoker.invokeTestMethod(Invoker.java:716)
at org.testng.internal.Invoker.invokeTestMethods(Invoker.java:988)
at org.testng.internal.TestMethodWorker.invokeTestMethods(TestMethodWorker.java:125)
at org.testng.internal.TestMethodWorker.run(TestMethodWorker.java:109)
at org.testng.TestRunner.privateRun(TestRunner.java:648)
at org.testng.TestRunner.run(TestRunner.java:505)
at org.testng.SuiteRunner.runTest(SuiteRunner.java:455)
at org.testng.SuiteRunner.runSequentially(SuiteRunner.java:450)
at org.testng.SuiteRunner.privateRun(SuiteRunner.java:415)
at org.testng.SuiteRunner.run(SuiteRunner.java:364)
at org.testng.SuiteRunnerWorker.runSuite(SuiteRunnerWorker.java:52)
at org.testng.SuiteRunnerWorker.run(SuiteRunnerWorker.java:84)
at org.testng.TestNG.runSuitesSequentially(TestNG.java:1208)
at org.testng.TestNG.runSuitesLocally(TestNG.java:1137)
at org.testng.TestNG.runSuites(TestNG.java:1049)
at org.testng.TestNG.run(TestNG.java:1017)
at org.testng.remote.AbstractRemoteTestNG.run(AbstractRemoteTestNG.java:114)
at org.testng.remote.RemoteTestNG.initAndRun(RemoteTestNG.java:251)
at org.testng.remote.RemoteTestNG.main(RemoteTestNG.java:77)
]]>
    </error>
  </testcase> <!-- launchBrouser -->
  <testcase name="laonchTwittet" time="0.000" classname="testScript.TestLancApp">
    <skipped/>
  </testcase> <!-- laonchTwittet -->
  <testcase name="laocnFacebook" time="0.000" classname="testScript.TestLancApp">
    <skipped/>
  </testcase> <!-- laocnFacebook -->
  <testcase name="launchInstagm" time="0.000" classname="testScript.TestLancApp">
    <skipped/>
  </testcase> <!-- launchInstagm -->
</testsuite> <!-- testScript.TestLancApp -->
