<?xml version="1.0" encoding="UTF-8"?>
<!-- Generated by org.testng.reporters.JUnitXMLReporter -->
<testsuite hostname="kaushiks-Air" ignored="0" name="Test" tests="3" failures="0" timestamp="02 Sep 2018 13:09:21 GMT" time="0.083" errors="0">
  <testcase name="@BeforeMethod launchBrouser" time="0.0" classname="library.BaseTest">
    <failure type="org.testng.TestNGException" message="
Parameter &amp;apos;mBrowser&amp;apos; is required by BeforeMethod on method launchBrouser but has not been marked @Optional or defined
in /Users/kaushikkumarsinha/Documents/Selenium/workspace/LearningMaven/MavenProject/testng.xml">
      <![CDATA[org.testng.TestNGException: 
Parameter 'mBrowser' is required by BeforeMethod on method launchBrouser but has not been marked @Optional or defined
in /Users/kaushikkumarsinha/Documents/Selenium/workspace/LearningMaven/MavenProject/testng.xml
... Removed 25 stack frames]]>
    </failure>
  </testcase> <!-- @BeforeMethod launchBrouser -->
  <testcase name="@AfterMethod closeBrouser" time="0.0" classname="library.BaseTest">
    <skipped/>
  </testcase> <!-- @AfterMethod closeBrouser -->
  <testcase name="@BeforeMethod launchBrouser" time="0.0" classname="library.BaseTest">
    <skipped/>
  </testcase> <!-- @BeforeMethod launchBrouser -->
  <testcase name="@AfterMethod closeBrouser" time="0.0" classname="library.BaseTest">
    <skipped/>
  </testcase> <!-- @AfterMethod closeBrouser -->
  <testcase name="@BeforeMethod launchBrouser" time="0.0" classname="library.BaseTest">
    <skipped/>
  </testcase> <!-- @BeforeMethod launchBrouser -->
  <testcase name="@AfterMethod closeBrouser" time="0.0" classname="library.BaseTest">
    <skipped/>
  </testcase> <!-- @AfterMethod closeBrouser -->
  <testcase name="laonchTwittet" time="0.0" classname="testScript.TestLancApp">
    <skipped/>
  </testcase> <!-- laonchTwittet -->
  <testcase name="laocnFacebook" time="0.0" classname="testScript.TestLancApp">
    <skipped/>
  </testcase> <!-- laocnFacebook -->
  <testcase name="launchInstagm" time="0.0" classname="testScript.TestLancApp">
    <skipped/>
  </testcase> <!-- launchInstagm -->
</testsuite> <!-- Test -->
