<?xml version="1.0" encoding="UTF-8"?>
<!-- Generated by org.testng.reporters.JUnitXMLReporter -->
<testsuite hostname="kaushiks-Air" ignored="0" name="Default test" tests="3" failures="0" timestamp="02 Sep 2018 13:08:47 GMT" time="0.101" errors="0">
  <testcase name="@BeforeMethod launchBrouser" time="0.0" classname="library.BaseTest">
    <failure type="org.testng.TestNGException" message="
Parameter &amp;apos;mBrowser&amp;apos; is required by BeforeMethod on method launchBrouser but has not been marked @Optional or defined
in /private/var/folders/dy/8ht0c2wj1nv5mphc0kmdcrd40000gn/T/testng-eclipse-192083946/testng-customsuite.xml">
      <![CDATA[org.testng.TestNGException: 
Parameter 'mBrowser' is required by BeforeMethod on method launchBrouser but has not been marked @Optional or defined
in /private/var/folders/dy/8ht0c2wj1nv5mphc0kmdcrd40000gn/T/testng-eclipse-192083946/testng-customsuite.xml
at org.testng.internal.Parameters.createParams(Parameters.java:290)
at org.testng.internal.Parameters.createParametersForMethod(Parameters.java:359)
at org.testng.internal.Parameters.createParameters(Parameters.java:620)
at org.testng.internal.Parameters.createConfigurationParameters(Parameters.java:190)
at org.testng.internal.Invoker.invokeConfigurations(Invoker.java:209)
at org.testng.internal.Invoker.invokeMethod(Invoker.java:520)
at org.testng.internal.Invoker.invokeTestMethod(Invoker.java:716)
at org.testng.internal.Invoker.invokeTestMethods(Invoker.java:988)
at org.testng.internal.TestMethodWorker.invokeTestMethods(TestMethodWorker.java:125)
at org.testng.internal.TestMethodWorker.run(TestMethodWorker.java:109)
at org.testng.TestRunner.privateRun(TestRunner.java:648)
at org.testng.TestRunner.run(TestRunner.java:505)
at org.testng.SuiteRunner.runTest(SuiteRunner.java:455)
at org.testng.SuiteRunner.runSequentially(SuiteRunner.java:450)
at org.testng.SuiteRunner.privateRun(SuiteRunner.java:415)
at org.testng.SuiteRunner.run(SuiteRunner.java:364)
at org.testng.SuiteRunnerWorker.runSuite(SuiteRunnerWorker.java:52)
at org.testng.SuiteRunnerWorker.run(SuiteRunnerWorker.java:84)
at org.testng.TestNG.runSuitesSequentially(TestNG.java:1208)
at org.testng.TestNG.runSuitesLocally(TestNG.java:1137)
at org.testng.TestNG.runSuites(TestNG.java:1049)
at org.testng.TestNG.run(TestNG.java:1017)
at org.testng.remote.AbstractRemoteTestNG.run(AbstractRemoteTestNG.java:114)
at org.testng.remote.RemoteTestNG.initAndRun(RemoteTestNG.java:251)
at org.testng.remote.RemoteTestNG.main(RemoteTestNG.java:77)
]]>
    </failure>
  </testcase> <!-- @BeforeMethod launchBrouser -->
  <testcase name="@AfterMethod closeBrouser" time="0.0" classname="library.BaseTest">
    <skipped/>
  </testcase> <!-- @AfterMethod closeBrouser -->
  <testcase name="@BeforeMethod launchBrouser" time="0.0" classname="library.BaseTest">
    <skipped/>
  </testcase> <!-- @BeforeMethod launchBrouser -->
  <testcase name="@AfterMethod closeBrouser" time="0.0" classname="library.BaseTest">
    <skipped/>
  </testcase> <!-- @AfterMethod closeBrouser -->
  <testcase name="@BeforeMethod launchBrouser" time="0.0" classname="library.BaseTest">
    <skipped/>
  </testcase> <!-- @BeforeMethod launchBrouser -->
  <testcase name="@AfterMethod closeBrouser" time="0.0" classname="library.BaseTest">
    <skipped/>
  </testcase> <!-- @AfterMethod closeBrouser -->
  <testcase name="laonchTwittet" time="0.0" classname="testScript.TestLancApp">
    <skipped/>
  </testcase> <!-- laonchTwittet -->
  <testcase name="laocnFacebook" time="0.0" classname="testScript.TestLancApp">
    <skipped/>
  </testcase> <!-- laocnFacebook -->
  <testcase name="launchInstagm" time="0.0" classname="testScript.TestLancApp">
    <skipped/>
  </testcase> <!-- launchInstagm -->
</testsuite> <!-- Default test -->
