<?xml version="1.0" encoding="UTF-8"?>
<testng-results skipped="3" failed="0" ignored="0" total="3" passed="0">
  <reporter-output>
  </reporter-output>
  <suite name="Suite" duration-ms="83" started-at="2018-09-02T13:09:21Z" finished-at="2018-09-02T13:09:21Z">
    <groups>
    </groups>
    <test name="Test" duration-ms="83" started-at="2018-09-02T13:09:21Z" finished-at="2018-09-02T13:09:21Z">
      <class name="testScript.TestLancApp">
        <test-method status="FAIL" signature="launchBrouser(java.lang.String)[pri:0, instance:testScript.TestLancApp@5622fdf]" name="launchBrouser" is-config="true" duration-ms="0" started-at="2018-09-02T13:09:21Z" finished-at="2018-09-02T13:09:21Z">
          <exception class="org.testng.TestNGException">
            <message>
              <![CDATA[
Parameter 'mBrowser' is required by BeforeMethod on method launchBrouser but has not been marked @Optional or defined
in /Users/kaushikkumarsinha/Documents/Selenium/workspace/LearningMaven/MavenProject/testng.xml]]>
            </message>
            <full-stacktrace>
              <![CDATA[org.testng.TestNGException: 
Parameter 'mBrowser' is required by BeforeMethod on method launchBrouser but has not been marked @Optional or defined
in /Users/kaushikkumarsinha/Documents/Selenium/workspace/LearningMaven/MavenProject/testng.xml
at org.testng.internal.Parameters.createParams(Parameters.java:290)
at org.testng.internal.Parameters.createParametersForMethod(Parameters.java:359)
at org.testng.internal.Parameters.createParameters(Parameters.java:620)
at org.testng.internal.Parameters.createConfigurationParameters(Parameters.java:190)
at org.testng.internal.Invoker.invokeConfigurations(Invoker.java:209)
at org.testng.internal.Invoker.invokeMethod(Invoker.java:520)
at org.testng.internal.Invoker.invokeTestMethod(Invoker.java:716)
at org.testng.internal.Invoker.invokeTestMethods(Invoker.java:988)
at org.testng.internal.TestMethodWorker.invokeTestMethods(TestMethodWorker.java:125)
at org.testng.internal.TestMethodWorker.run(TestMethodWorker.java:109)
at org.testng.TestRunner.privateRun(TestRunner.java:648)
at org.testng.TestRunner.run(TestRunner.java:505)
at org.testng.SuiteRunner.runTest(SuiteRunner.java:455)
at org.testng.SuiteRunner.runSequentially(SuiteRunner.java:450)
at org.testng.SuiteRunner.privateRun(SuiteRunner.java:415)
at org.testng.SuiteRunner.run(SuiteRunner.java:364)
at org.testng.SuiteRunnerWorker.runSuite(SuiteRunnerWorker.java:52)
at org.testng.SuiteRunnerWorker.run(SuiteRunnerWorker.java:84)
at org.testng.TestNG.runSuitesSequentially(TestNG.java:1208)
at org.testng.TestNG.runSuitesLocally(TestNG.java:1137)
at org.testng.TestNG.runSuites(TestNG.java:1049)
at org.testng.TestNG.run(TestNG.java:1017)
at org.testng.remote.AbstractRemoteTestNG.run(AbstractRemoteTestNG.java:114)
at org.testng.remote.RemoteTestNG.initAndRun(RemoteTestNG.java:251)
at org.testng.remote.RemoteTestNG.main(RemoteTestNG.java:77)
]]>
            </full-stacktrace>
          </exception> <!-- org.testng.TestNGException -->
          <reporter-output>
          </reporter-output>
        </test-method> <!-- launchBrouser -->
        <test-method status="SKIP" signature="laonchTwittet()[pri:1, instance:testScript.TestLancApp@5622fdf]" name="laonchTwittet" duration-ms="0" started-at="2018-09-02T13:09:21Z" finished-at="2018-09-02T13:09:21Z">
          <exception class="org.testng.TestNGException">
            <message>
              <![CDATA[
Parameter 'mBrowser' is required by BeforeMethod on method launchBrouser but has not been marked @Optional or defined
in /Users/kaushikkumarsinha/Documents/Selenium/workspace/LearningMaven/MavenProject/testng.xml]]>
            </message>
            <full-stacktrace>
              <![CDATA[org.testng.TestNGException: 
Parameter 'mBrowser' is required by BeforeMethod on method launchBrouser but has not been marked @Optional or defined
in /Users/kaushikkumarsinha/Documents/Selenium/workspace/LearningMaven/MavenProject/testng.xml
at org.testng.internal.Parameters.createParams(Parameters.java:290)
at org.testng.internal.Parameters.createParametersForMethod(Parameters.java:359)
at org.testng.internal.Parameters.createParameters(Parameters.java:620)
at org.testng.internal.Parameters.createConfigurationParameters(Parameters.java:190)
at org.testng.internal.Invoker.invokeConfigurations(Invoker.java:209)
at org.testng.internal.Invoker.invokeMethod(Invoker.java:520)
at org.testng.internal.Invoker.invokeTestMethod(Invoker.java:716)
at org.testng.internal.Invoker.invokeTestMethods(Invoker.java:988)
at org.testng.internal.TestMethodWorker.invokeTestMethods(TestMethodWorker.java:125)
at org.testng.internal.TestMethodWorker.run(TestMethodWorker.java:109)
at org.testng.TestRunner.privateRun(TestRunner.java:648)
at org.testng.TestRunner.run(TestRunner.java:505)
at org.testng.SuiteRunner.runTest(SuiteRunner.java:455)
at org.testng.SuiteRunner.runSequentially(SuiteRunner.java:450)
at org.testng.SuiteRunner.privateRun(SuiteRunner.java:415)
at org.testng.SuiteRunner.run(SuiteRunner.java:364)
at org.testng.SuiteRunnerWorker.runSuite(SuiteRunnerWorker.java:52)
at org.testng.SuiteRunnerWorker.run(SuiteRunnerWorker.java:84)
at org.testng.TestNG.runSuitesSequentially(TestNG.java:1208)
at org.testng.TestNG.runSuitesLocally(TestNG.java:1137)
at org.testng.TestNG.runSuites(TestNG.java:1049)
at org.testng.TestNG.run(TestNG.java:1017)
at org.testng.remote.AbstractRemoteTestNG.run(AbstractRemoteTestNG.java:114)
at org.testng.remote.RemoteTestNG.initAndRun(RemoteTestNG.java:251)
at org.testng.remote.RemoteTestNG.main(RemoteTestNG.java:77)
]]>
            </full-stacktrace>
          </exception> <!-- org.testng.TestNGException -->
          <reporter-output>
          </reporter-output>
        </test-method> <!-- laonchTwittet -->
        <test-method status="SKIP" signature="closeBrouser()[pri:0, instance:testScript.TestLancApp@5622fdf]" name="closeBrouser" is-config="true" duration-ms="0" started-at="2018-09-02T13:09:21Z" finished-at="2018-09-02T13:09:21Z">
          <reporter-output>
          </reporter-output>
        </test-method> <!-- closeBrouser -->
        <test-method status="SKIP" signature="launchBrouser(java.lang.String)[pri:0, instance:testScript.TestLancApp@5622fdf]" name="launchBrouser" is-config="true" duration-ms="0" started-at="2018-09-02T13:09:21Z" finished-at="2018-09-02T13:09:21Z">
          <reporter-output>
          </reporter-output>
        </test-method> <!-- launchBrouser -->
        <test-method status="SKIP" signature="laocnFacebook()[pri:2, instance:testScript.TestLancApp@5622fdf]" name="laocnFacebook" duration-ms="0" started-at="2018-09-02T13:09:21Z" finished-at="2018-09-02T13:09:21Z">
          <exception class="org.testng.TestNGException">
            <message>
              <![CDATA[
Parameter 'mBrowser' is required by BeforeMethod on method launchBrouser but has not been marked @Optional or defined
in /Users/kaushikkumarsinha/Documents/Selenium/workspace/LearningMaven/MavenProject/testng.xml]]>
            </message>
            <full-stacktrace>
              <![CDATA[org.testng.TestNGException: 
Parameter 'mBrowser' is required by BeforeMethod on method launchBrouser but has not been marked @Optional or defined
in /Users/kaushikkumarsinha/Documents/Selenium/workspace/LearningMaven/MavenProject/testng.xml
at org.testng.internal.Parameters.createParams(Parameters.java:290)
at org.testng.internal.Parameters.createParametersForMethod(Parameters.java:359)
at org.testng.internal.Parameters.createParameters(Parameters.java:620)
at org.testng.internal.Parameters.createConfigurationParameters(Parameters.java:190)
at org.testng.internal.Invoker.invokeConfigurations(Invoker.java:209)
at org.testng.internal.Invoker.invokeMethod(Invoker.java:520)
at org.testng.internal.Invoker.invokeTestMethod(Invoker.java:716)
at org.testng.internal.Invoker.invokeTestMethods(Invoker.java:988)
at org.testng.internal.TestMethodWorker.invokeTestMethods(TestMethodWorker.java:125)
at org.testng.internal.TestMethodWorker.run(TestMethodWorker.java:109)
at org.testng.TestRunner.privateRun(TestRunner.java:648)
at org.testng.TestRunner.run(TestRunner.java:505)
at org.testng.SuiteRunner.runTest(SuiteRunner.java:455)
at org.testng.SuiteRunner.runSequentially(SuiteRunner.java:450)
at org.testng.SuiteRunner.privateRun(SuiteRunner.java:415)
at org.testng.SuiteRunner.run(SuiteRunner.java:364)
at org.testng.SuiteRunnerWorker.runSuite(SuiteRunnerWorker.java:52)
at org.testng.SuiteRunnerWorker.run(SuiteRunnerWorker.java:84)
at org.testng.TestNG.runSuitesSequentially(TestNG.java:1208)
at org.testng.TestNG.runSuitesLocally(TestNG.java:1137)
at org.testng.TestNG.runSuites(TestNG.java:1049)
at org.testng.TestNG.run(TestNG.java:1017)
at org.testng.remote.AbstractRemoteTestNG.run(AbstractRemoteTestNG.java:114)
at org.testng.remote.RemoteTestNG.initAndRun(RemoteTestNG.java:251)
at org.testng.remote.RemoteTestNG.main(RemoteTestNG.java:77)
]]>
            </full-stacktrace>
          </exception> <!-- org.testng.TestNGException -->
          <reporter-output>
          </reporter-output>
        </test-method> <!-- laocnFacebook -->
        <test-method status="SKIP" signature="closeBrouser()[pri:0, instance:testScript.TestLancApp@5622fdf]" name="closeBrouser" is-config="true" duration-ms="0" started-at="2018-09-02T13:09:21Z" finished-at="2018-09-02T13:09:21Z">
          <reporter-output>
          </reporter-output>
        </test-method> <!-- closeBrouser -->
        <test-method status="SKIP" signature="launchBrouser(java.lang.String)[pri:0, instance:testScript.TestLancApp@5622fdf]" name="launchBrouser" is-config="true" duration-ms="0" started-at="2018-09-02T13:09:21Z" finished-at="2018-09-02T13:09:21Z">
          <reporter-output>
          </reporter-output>
        </test-method> <!-- launchBrouser -->
        <test-method status="SKIP" signature="launchInstagm()[pri:3, instance:testScript.TestLancApp@5622fdf]" name="launchInstagm" duration-ms="0" started-at="2018-09-02T13:09:21Z" finished-at="2018-09-02T13:09:21Z">
          <exception class="org.testng.TestNGException">
            <message>
              <![CDATA[
Parameter 'mBrowser' is required by BeforeMethod on method launchBrouser but has not been marked @Optional or defined
in /Users/kaushikkumarsinha/Documents/Selenium/workspace/LearningMaven/MavenProject/testng.xml]]>
            </message>
            <full-stacktrace>
              <![CDATA[org.testng.TestNGException: 
Parameter 'mBrowser' is required by BeforeMethod on method launchBrouser but has not been marked @Optional or defined
in /Users/kaushikkumarsinha/Documents/Selenium/workspace/LearningMaven/MavenProject/testng.xml
at org.testng.internal.Parameters.createParams(Parameters.java:290)
at org.testng.internal.Parameters.createParametersForMethod(Parameters.java:359)
at org.testng.internal.Parameters.createParameters(Parameters.java:620)
at org.testng.internal.Parameters.createConfigurationParameters(Parameters.java:190)
at org.testng.internal.Invoker.invokeConfigurations(Invoker.java:209)
at org.testng.internal.Invoker.invokeMethod(Invoker.java:520)
at org.testng.internal.Invoker.invokeTestMethod(Invoker.java:716)
at org.testng.internal.Invoker.invokeTestMethods(Invoker.java:988)
at org.testng.internal.TestMethodWorker.invokeTestMethods(TestMethodWorker.java:125)
at org.testng.internal.TestMethodWorker.run(TestMethodWorker.java:109)
at org.testng.TestRunner.privateRun(TestRunner.java:648)
at org.testng.TestRunner.run(TestRunner.java:505)
at org.testng.SuiteRunner.runTest(SuiteRunner.java:455)
at org.testng.SuiteRunner.runSequentially(SuiteRunner.java:450)
at org.testng.SuiteRunner.privateRun(SuiteRunner.java:415)
at org.testng.SuiteRunner.run(SuiteRunner.java:364)
at org.testng.SuiteRunnerWorker.runSuite(SuiteRunnerWorker.java:52)
at org.testng.SuiteRunnerWorker.run(SuiteRunnerWorker.java:84)
at org.testng.TestNG.runSuitesSequentially(TestNG.java:1208)
at org.testng.TestNG.runSuitesLocally(TestNG.java:1137)
at org.testng.TestNG.runSuites(TestNG.java:1049)
at org.testng.TestNG.run(TestNG.java:1017)
at org.testng.remote.AbstractRemoteTestNG.run(AbstractRemoteTestNG.java:114)
at org.testng.remote.RemoteTestNG.initAndRun(RemoteTestNG.java:251)
at org.testng.remote.RemoteTestNG.main(RemoteTestNG.java:77)
]]>
            </full-stacktrace>
          </exception> <!-- org.testng.TestNGException -->
          <reporter-output>
          </reporter-output>
        </test-method> <!-- launchInstagm -->
        <test-method status="SKIP" signature="closeBrouser()[pri:0, instance:testScript.TestLancApp@5622fdf]" name="closeBrouser" is-config="true" duration-ms="0" started-at="2018-09-02T13:09:21Z" finished-at="2018-09-02T13:09:21Z">
          <reporter-output>
          </reporter-output>
        </test-method> <!-- closeBrouser -->
      </class> <!-- testScript.TestLancApp -->
    </test> <!-- Test -->
  </suite> <!-- Suite -->
</testng-results>
